<?xml version="1.0" encoding="UTF-8"?>
<testsuites name="2DV611" time="0.127">
  <testsuite name="GET exam" id="620ba257-b488-4dbb-a76f-2be06789bc24" tests="1" time="0.059">
    <testcase name="Status code is 200" time="0.059"/>
  </testsuite>
  <testsuite name="/exam/create" id="9a1746d9-2c24-4a6a-9f8b-9033f1f49d8f" tests="1" time="0.023">
    <testcase name="Status code is 201" time="0.023">
      <failure type="AssertionFailure">
        <![CDATA[Failed 1 times.]]>
      </failure>
    </testcase>
  </testsuite>
  <testsuite name="/exam/build" id="a5b7b5e6-2f4b-4c6c-9c85-314200ec3a01" tests="1" time="0.014">
    <testcase name="Status code is 200" time="0.014">
      <failure type="AssertionFailure">
        <![CDATA[Failed 1 times.]]>
      </failure>
    </testcase>
  </testsuite>
  <testsuite name="/exam/getmyexam" id="4f4f5402-54dd-4d0f-81a6-69e69542799b" tests="1" time="0.004">
    <testcase name="Status code is 200" time="0.004">
      <failure type="AssertionFailure">
        <![CDATA[Failed 1 times.]]>
      </failure>
    </testcase>
  </testsuite>
  <testsuite name="/user/register" id="6662ff8c-9df9-428a-b2d8-39f05e184154" tests="1" time="0.003">
    <testcase name="Status code is 201" time="0.003">
      <failure type="AssertionFailure">
        <![CDATA[Failed 1 times.]]>
      </failure>
    </testcase>
  </testsuite>
  <testsuite name="/reportexam" id="37f943b7-858b-46ec-a91a-8be4840f7755" tests="1" time="0.021">
    <testcase name="Status code is 201" time="0.021"/>
  </testsuite>
  <testsuite name="/bookexam" id="f72f56a1-04a7-4b48-8f11-97fd7b15b39e" tests="1" time="0.003">
    <testcase name="Status code is 200" time="0.003">
      <failure type="AssertionFailure">
        <![CDATA[Failed 1 times.]]>
      </failure>
    </testcase>
  </testsuite>
</testsuites>