<?xml version="1.0" encoding="UTF-8"?>
<coverage generated="1513478959960" clover="3.2.0">
  <project timestamp="1513478959960" name="All files">
    <metrics statements="119" coveredstatements="39" conditionals="24" coveredconditionals="1" methods="47" coveredmethods="5" elements="190" coveredelements="45" complexity="0" loc="119" ncloc="119" packages="3" files="9" classes="9">
      <package name="lib">
        <metrics statements="33" coveredstatements="4" conditionals="8" coveredconditionals="0" methods="26" coveredmethods="2"/>
        <file name="controller.js" path="/Users/fredrikwallstedt/Documents/Classes/2dv611/grup02-examination-ht17/api/lib/controller.js">
          <metrics statements="24" coveredstatements="2" conditionals="8" coveredconditionals="0" methods="19" coveredmethods="1"/>
          <line num="3" count="2" type="stmt"/>
          <line num="7" count="0" type="stmt"/>
          <line num="8" count="0" type="stmt"/>
          <line num="9" count="0" type="stmt"/>
          <line num="13" count="0" type="stmt"/>
          <line num="14" count="0" type="stmt"/>
          <line num="15" count="0" type="stmt"/>
          <line num="19" count="0" type="stmt"/>
          <line num="20" count="0" type="stmt"/>
          <line num="21" count="0" type="stmt"/>
          <line num="25" count="0" type="stmt"/>
          <line num="27" count="0" type="cond" truecount="0" falsecount="2"/>
          <line num="28" count="0" type="stmt"/>
          <line num="30" count="0" type="stmt"/>
          <line num="34" count="0" type="stmt"/>
          <line num="36" count="0" type="cond" truecount="0" falsecount="2"/>
          <line num="37" count="0" type="cond" truecount="0" falsecount="2"/>
          <line num="38" count="0" type="stmt"/>
          <line num="40" count="0" type="stmt"/>
          <line num="44" count="0" type="stmt"/>
          <line num="46" count="0" type="cond" truecount="0" falsecount="2"/>
          <line num="47" count="0" type="stmt"/>
          <line num="49" count="0" type="stmt"/>
          <line num="53" count="2" type="stmt"/>
        </file>
        <file name="facade.js" path="/Users/fredrikwallstedt/Documents/Classes/2dv611/grup02-examination-ht17/api/lib/facade.js">
          <metrics statements="9" coveredstatements="2" conditionals="0" coveredconditionals="0" methods="7" coveredmethods="1"/>
          <line num="3" count="2" type="stmt"/>
          <line num="7" count="0" type="stmt"/>
          <line num="8" count="0" type="stmt"/>
          <line num="12" count="0" type="stmt"/>
          <line num="18" count="0" type="stmt"/>
          <line num="24" count="0" type="stmt"/>
          <line num="30" count="0" type="stmt"/>
          <line num="36" count="0" type="stmt"/>
          <line num="42" count="2" type="stmt"/>
        </file>
      </package>
      <package name="model.exam">
        <metrics statements="66" coveredstatements="18" conditionals="14" coveredconditionals="0" methods="17" coveredmethods="0"/>
        <file name="controller.js" path="/Users/fredrikwallstedt/Documents/Classes/2dv611/grup02-examination-ht17/api/model/exam/controller.js">
          <metrics statements="46" coveredstatements="3" conditionals="14" coveredconditionals="0" methods="10" coveredmethods="0"/>
          <line num="1" count="1" type="stmt"/>
          <line num="2" count="1" type="stmt"/>
          <line num="8" count="0" type="stmt"/>
          <line num="9" count="0" type="stmt"/>
          <line num="12" count="0" type="stmt"/>
          <line num="14" count="0" type="stmt"/>
          <line num="20" count="0" type="stmt"/>
          <line num="21" count="0" type="stmt"/>
          <line num="24" count="0" type="cond" truecount="0" falsecount="4"/>
          <line num="25" count="0" type="stmt"/>
          <line num="27" count="0" type="stmt"/>
          <line num="36" count="0" type="stmt"/>
          <line num="37" count="0" type="stmt"/>
          <line num="38" count="0" type="stmt"/>
          <line num="42" count="0" type="stmt"/>
          <line num="43" count="0" type="stmt"/>
          <line num="44" count="0" type="stmt"/>
          <line num="45" count="0" type="stmt"/>
          <line num="50" count="0" type="stmt"/>
          <line num="51" count="0" type="cond" truecount="0" falsecount="2"/>
          <line num="52" count="0" type="stmt"/>
          <line num="54" count="0" type="stmt"/>
          <line num="60" count="0" type="stmt"/>
          <line num="61" count="0" type="stmt"/>
          <line num="62" count="0" type="cond" truecount="0" falsecount="2"/>
          <line num="63" count="0" type="stmt"/>
          <line num="96" count="0" type="stmt"/>
          <line num="100" count="0" type="stmt"/>
          <line num="103" count="0" type="stmt"/>
          <line num="104" count="0" type="stmt"/>
          <line num="105" count="0" type="stmt"/>
          <line num="107" count="0" type="stmt"/>
          <line num="109" count="0" type="cond" truecount="0" falsecount="2"/>
          <line num="110" count="0" type="stmt"/>
          <line num="111" count="0" type="stmt"/>
          <line num="112" count="0" type="stmt"/>
          <line num="113" count="0" type="cond" truecount="0" falsecount="4"/>
          <line num="114" count="0" type="stmt"/>
          <line num="116" count="0" type="stmt"/>
          <line num="117" count="0" type="stmt"/>
          <line num="119" count="0" type="stmt"/>
          <line num="120" count="0" type="stmt"/>
          <line num="122" count="0" type="stmt"/>
          <line num="126" count="0" type="stmt"/>
          <line num="130" count="0" type="stmt"/>
          <line num="133" count="1" type="stmt"/>
        </file>
        <file name="facade.js" path="/Users/fredrikwallstedt/Documents/Classes/2dv611/grup02-examination-ht17/api/model/exam/facade.js">
          <metrics statements="3" coveredstatements="3" conditionals="0" coveredconditionals="0" methods="0" coveredmethods="0"/>
          <line num="1" count="1" type="stmt"/>
          <line num="2" count="1" type="stmt"/>
          <line num="6" count="1" type="stmt"/>
        </file>
        <file name="router.js" path="/Users/fredrikwallstedt/Documents/Classes/2dv611/grup02-examination-ht17/api/model/exam/router.js">
          <metrics statements="13" coveredstatements="8" conditionals="0" coveredconditionals="0" methods="7" coveredmethods="0"/>
          <line num="1" count="1" type="stmt"/>
          <line num="2" count="1" type="stmt"/>
          <line num="3" count="1" type="stmt"/>
          <line num="5" count="1" type="stmt"/>
          <line num="6" count="0" type="stmt"/>
          <line num="7" count="0" type="stmt"/>
          <line num="9" count="1" type="stmt"/>
          <line num="11" count="1" type="stmt"/>
          <line num="13" count="1" type="stmt"/>
          <line num="14" count="0" type="stmt"/>
          <line num="15" count="0" type="stmt"/>
          <line num="16" count="0" type="stmt"/>
          <line num="18" count="1" type="stmt"/>
        </file>
        <file name="schema.js" path="/Users/fredrikwallstedt/Documents/Classes/2dv611/grup02-examination-ht17/api/model/exam/schema.js">
          <metrics statements="4" coveredstatements="4" conditionals="0" coveredconditionals="0" methods="0" coveredmethods="0"/>
          <line num="1" count="1" type="stmt"/>
          <line num="2" count="1" type="stmt"/>
          <line num="5" count="1" type="stmt"/>
          <line num="20" count="1" type="stmt"/>
        </file>
      </package>
      <package name="model.reportexam">
        <metrics statements="20" coveredstatements="17" conditionals="2" coveredconditionals="1" methods="4" coveredmethods="3"/>
        <file name="controller.js" path="/Users/fredrikwallstedt/Documents/Classes/2dv611/grup02-examination-ht17/api/model/reportexam/controller.js">
          <metrics statements="11" coveredstatements="8" conditionals="2" coveredconditionals="1" methods="3" coveredmethods="2"/>
          <line num="1" count="1" type="stmt"/>
          <line num="2" count="1" type="stmt"/>
          <line num="6" count="1" type="stmt"/>
          <line num="7" count="1" type="stmt"/>
          <line num="9" count="1" type="cond" truecount="1" falsecount="1"/>
          <line num="10" count="0" type="stmt"/>
          <line num="13" count="1" type="stmt"/>
          <line num="16" count="0" type="stmt"/>
          <line num="17" count="0" type="stmt"/>
          <line num="19" count="1" type="stmt"/>
          <line num="25" count="1" type="stmt"/>
        </file>
        <file name="facade.js" path="/Users/fredrikwallstedt/Documents/Classes/2dv611/grup02-examination-ht17/api/model/reportexam/facade.js">
          <metrics statements="5" coveredstatements="5" conditionals="0" coveredconditionals="0" methods="1" coveredmethods="1"/>
          <line num="1" count="1" type="stmt"/>
          <line num="2" count="1" type="stmt"/>
          <line num="6" count="1" type="stmt"/>
          <line num="13" count="1" type="stmt"/>
          <line num="17" count="1" type="stmt"/>
        </file>
        <file name="schema.js" path="/Users/fredrikwallstedt/Documents/Classes/2dv611/grup02-examination-ht17/api/model/reportexam/schema.js">
          <metrics statements="4" coveredstatements="4" conditionals="0" coveredconditionals="0" methods="0" coveredmethods="0"/>
          <line num="1" count="1" type="stmt"/>
          <line num="2" count="1" type="stmt"/>
          <line num="4" count="1" type="stmt"/>
          <line num="11" count="1" type="stmt"/>
        </file>
      </package>
    </metrics>
  </project>
</coverage>
