{"/Users/fredrikwallstedt/Documents/Classes/2dv611/grup02-examination-ht17/api/lib/controller.js": {"path":"/Users/fredrikwallstedt/Documents/Classes/2dv611/grup02-examination-ht17/api/lib/controller.js","statementMap":{"0":{"start":{"line":3,"column":4},"end":{"line":3,"column":25}},"1":{"start":{"line":7,"column":4},"end":{"line":9,"column":31}},"2":{"start":{"line":8,"column":19},"end":{"line":8,"column":44}},"3":{"start":{"line":9,"column":20},"end":{"line":9,"column":29}},"4":{"start":{"line":13,"column":4},"end":{"line":15,"column":31}},"5":{"start":{"line":14,"column":26},"end":{"line":14,"column":58}},"6":{"start":{"line":15,"column":20},"end":{"line":15,"column":29}},"7":{"start":{"line":19,"column":4},"end":{"line":21,"column":31}},"8":{"start":{"line":20,"column":19},"end":{"line":20,"column":44}},"9":{"start":{"line":21,"column":20},"end":{"line":21,"column":29}},"10":{"start":{"line":25,"column":4},"end":{"line":30,"column":31}},"11":{"start":{"line":27,"column":8},"end":{"line":27,"column":49}},"12":{"start":{"line":27,"column":20},"end":{"line":27,"column":47}},"13":{"start":{"line":28,"column":8},"end":{"line":28,"column":41}},"14":{"start":{"line":30,"column":20},"end":{"line":30,"column":29}},"15":{"start":{"line":34,"column":4},"end":{"line":40,"column":31}},"16":{"start":{"line":36,"column":8},"end":{"line":36,"column":58}},"17":{"start":{"line":36,"column":29},"end":{"line":36,"column":56}},"18":{"start":{"line":37,"column":8},"end":{"line":37,"column":66}},"19":{"start":{"line":37,"column":37},"end":{"line":37,"column":64}},"20":{"start":{"line":38,"column":8},"end":{"line":38,"column":28}},"21":{"start":{"line":40,"column":20},"end":{"line":40,"column":29}},"22":{"start":{"line":44,"column":4},"end":{"line":49,"column":31}},"23":{"start":{"line":46,"column":8},"end":{"line":46,"column":49}},"24":{"start":{"line":46,"column":20},"end":{"line":46,"column":47}},"25":{"start":{"line":47,"column":8},"end":{"line":47,"column":35}},"26":{"start":{"line":49,"column":20},"end":{"line":49,"column":29}},"27":{"start":{"line":53,"column":0},"end":{"line":53,"column":28}}},"fnMap":{"0":{"name":"(anonymous_0)","decl":{"start":{"line":2,"column":2},"end":{"line":2,"column":3}},"loc":{"start":{"line":2,"column":22},"end":{"line":4,"column":3}},"line":2},"1":{"name":"(anonymous_1)","decl":{"start":{"line":6,"column":2},"end":{"line":6,"column":3}},"loc":{"start":{"line":6,"column":25},"end":{"line":10,"column":3}},"line":6},"2":{"name":"(anonymous_2)","decl":{"start":{"line":8,"column":12},"end":{"line":8,"column":13}},"loc":{"start":{"line":8,"column":19},"end":{"line":8,"column":44}},"line":8},"3":{"name":"(anonymous_3)","decl":{"start":{"line":9,"column":13},"end":{"line":9,"column":14}},"loc":{"start":{"line":9,"column":20},"end":{"line":9,"column":29}},"line":9},"4":{"name":"(anonymous_4)","decl":{"start":{"line":12,"column":2},"end":{"line":12,"column":3}},"loc":{"start":{"line":12,"column":23},"end":{"line":16,"column":3}},"line":12},"5":{"name":"(anonymous_5)","decl":{"start":{"line":14,"column":12},"end":{"line":14,"column":13}},"loc":{"start":{"line":14,"column":26},"end":{"line":14,"column":58}},"line":14},"6":{"name":"(anonymous_6)","decl":{"start":{"line":15,"column":13},"end":{"line":15,"column":14}},"loc":{"start":{"line":15,"column":20},"end":{"line":15,"column":29}},"line":15},"7":{"name":"(anonymous_7)","decl":{"start":{"line":18,"column":2},"end":{"line":18,"column":3}},"loc":{"start":{"line":18,"column":26},"end":{"line":22,"column":3}},"line":18},"8":{"name":"(anonymous_8)","decl":{"start":{"line":20,"column":12},"end":{"line":20,"column":13}},"loc":{"start":{"line":20,"column":19},"end":{"line":20,"column":44}},"line":20},"9":{"name":"(anonymous_9)","decl":{"start":{"line":21,"column":13},"end":{"line":21,"column":14}},"loc":{"start":{"line":21,"column":20},"end":{"line":21,"column":29}},"line":21},"10":{"name":"(anonymous_10)","decl":{"start":{"line":24,"column":2},"end":{"line":24,"column":3}},"loc":{"start":{"line":24,"column":27},"end":{"line":31,"column":3}},"line":24},"11":{"name":"(anonymous_11)","decl":{"start":{"line":26,"column":12},"end":{"line":26,"column":13}},"loc":{"start":{"line":26,"column":21},"end":{"line":29,"column":7}},"line":26},"12":{"name":"(anonymous_12)","decl":{"start":{"line":30,"column":13},"end":{"line":30,"column":14}},"loc":{"start":{"line":30,"column":20},"end":{"line":30,"column":29}},"line":30},"13":{"name":"(anonymous_13)","decl":{"start":{"line":33,"column":2},"end":{"line":33,"column":3}},"loc":{"start":{"line":33,"column":25},"end":{"line":41,"column":3}},"line":33},"14":{"name":"(anonymous_14)","decl":{"start":{"line":35,"column":12},"end":{"line":35,"column":13}},"loc":{"start":{"line":35,"column":25},"end":{"line":39,"column":7}},"line":35},"15":{"name":"(anonymous_15)","decl":{"start":{"line":40,"column":13},"end":{"line":40,"column":14}},"loc":{"start":{"line":40,"column":20},"end":{"line":40,"column":29}},"line":40},"16":{"name":"(anonymous_16)","decl":{"start":{"line":43,"column":2},"end":{"line":43,"column":3}},"loc":{"start":{"line":43,"column":25},"end":{"line":50,"column":3}},"line":43},"17":{"name":"(anonymous_17)","decl":{"start":{"line":45,"column":12},"end":{"line":45,"column":13}},"loc":{"start":{"line":45,"column":21},"end":{"line":48,"column":7}},"line":45},"18":{"name":"(anonymous_18)","decl":{"start":{"line":49,"column":13},"end":{"line":49,"column":14}},"loc":{"start":{"line":49,"column":20},"end":{"line":49,"column":29}},"line":49}},"branchMap":{"0":{"loc":{"start":{"line":27,"column":8},"end":{"line":27,"column":49}},"type":"if","locations":[{"start":{"line":27,"column":8},"end":{"line":27,"column":49}},{"start":{"line":27,"column":8},"end":{"line":27,"column":49}}],"line":27},"1":{"loc":{"start":{"line":36,"column":8},"end":{"line":36,"column":58}},"type":"if","locations":[{"start":{"line":36,"column":8},"end":{"line":36,"column":58}},{"start":{"line":36,"column":8},"end":{"line":36,"column":58}}],"line":36},"2":{"loc":{"start":{"line":37,"column":8},"end":{"line":37,"column":66}},"type":"if","locations":[{"start":{"line":37,"column":8},"end":{"line":37,"column":66}},{"start":{"line":37,"column":8},"end":{"line":37,"column":66}}],"line":37},"3":{"loc":{"start":{"line":46,"column":8},"end":{"line":46,"column":49}},"type":"if","locations":[{"start":{"line":46,"column":8},"end":{"line":46,"column":49}},{"start":{"line":46,"column":8},"end":{"line":46,"column":49}}],"line":46}},"s":{"0":2,"1":0,"2":0,"3":0,"4":0,"5":0,"6":0,"7":0,"8":0,"9":0,"10":0,"11":0,"12":0,"13":0,"14":0,"15":0,"16":0,"17":0,"18":0,"19":0,"20":0,"21":0,"22":0,"23":0,"24":0,"25":0,"26":0,"27":2},"f":{"0":2,"1":0,"2":0,"3":0,"4":0,"5":0,"6":0,"7":0,"8":0,"9":0,"10":0,"11":0,"12":0,"13":0,"14":0,"15":0,"16":0,"17":0,"18":0},"b":{"0":[0,0],"1":[0,0],"2":[0,0],"3":[0,0]},"_coverageSchema":"332fd63041d2c1bcb487cc26dd0d5f7d97098a6c","hash":"601819c34355a9f2f4340de5612c55e3483c7cd3"}
,"/Users/fredrikwallstedt/Documents/Classes/2dv611/grup02-examination-ht17/api/lib/facade.js": {"path":"/Users/fredrikwallstedt/Documents/Classes/2dv611/grup02-examination-ht17/api/lib/facade.js","statementMap":{"0":{"start":{"line":3,"column":4},"end":{"line":3,"column":25}},"1":{"start":{"line":7,"column":19},"end":{"line":7,"column":40}},"2":{"start":{"line":8,"column":4},"end":{"line":8,"column":25}},"3":{"start":{"line":12,"column":4},"end":{"line":14,"column":14}},"4":{"start":{"line":18,"column":4},"end":{"line":20,"column":14}},"5":{"start":{"line":24,"column":4},"end":{"line":26,"column":14}},"6":{"start":{"line":30,"column":4},"end":{"line":32,"column":14}},"7":{"start":{"line":36,"column":4},"end":{"line":38,"column":14}},"8":{"start":{"line":42,"column":0},"end":{"line":42,"column":24}}},"fnMap":{"0":{"name":"(anonymous_0)","decl":{"start":{"line":2,"column":2},"end":{"line":2,"column":3}},"loc":{"start":{"line":2,"column":22},"end":{"line":4,"column":3}},"line":2},"1":{"name":"(anonymous_1)","decl":{"start":{"line":6,"column":2},"end":{"line":6,"column":3}},"loc":{"start":{"line":6,"column":15},"end":{"line":9,"column":3}},"line":6},"2":{"name":"(anonymous_2)","decl":{"start":{"line":11,"column":2},"end":{"line":11,"column":3}},"loc":{"start":{"line":11,"column":16},"end":{"line":15,"column":3}},"line":11},"3":{"name":"(anonymous_3)","decl":{"start":{"line":17,"column":2},"end":{"line":17,"column":3}},"loc":{"start":{"line":17,"column":19},"end":{"line":21,"column":3}},"line":17},"4":{"name":"(anonymous_4)","decl":{"start":{"line":23,"column":2},"end":{"line":23,"column":3}},"loc":{"start":{"line":23,"column":20},"end":{"line":27,"column":3}},"line":23},"5":{"name":"(anonymous_5)","decl":{"start":{"line":29,"column":2},"end":{"line":29,"column":3}},"loc":{"start":{"line":29,"column":18},"end":{"line":33,"column":3}},"line":29},"6":{"name":"(anonymous_6)","decl":{"start":{"line":35,"column":2},"end":{"line":35,"column":3}},"loc":{"start":{"line":35,"column":18},"end":{"line":39,"column":3}},"line":35}},"branchMap":{},"s":{"0":2,"1":0,"2":0,"3":0,"4":0,"5":0,"6":0,"7":0,"8":2},"f":{"0":2,"1":0,"2":0,"3":0,"4":0,"5":0,"6":0},"b":{},"_coverageSchema":"332fd63041d2c1bcb487cc26dd0d5f7d97098a6c","hash":"ade32a23d8c42346f835164a899501d11c59fe21"}
,"/Users/fredrikwallstedt/Documents/Classes/2dv611/grup02-examination-ht17/api/model/exam/controller.js": {"path":"/Users/fredrikwallstedt/Documents/Classes/2dv611/grup02-examination-ht17/api/model/exam/controller.js","statementMap":{"0":{"start":{"line":1,"column":19},"end":{"line":1,"column":50}},"1":{"start":{"line":2,"column":19},"end":{"line":2,"column":38}},"2":{"start":{"line":8,"column":22},"end":{"line":10,"column":10}},"3":{"start":{"line":9,"column":12},"end":{"line":9,"column":25}},"4":{"start":{"line":12,"column":26},"end":{"line":12,"column":85}},"5":{"start":{"line":14,"column":19},"end":{"line":19,"column":9}},"6":{"start":{"line":20,"column":8},"end":{"line":20,"column":31}},"7":{"start":{"line":21,"column":8},"end":{"line":34,"column":9}},"8":{"start":{"line":24,"column":12},"end":{"line":26,"column":13}},"9":{"start":{"line":25,"column":16},"end":{"line":25,"column":25}},"10":{"start":{"line":27,"column":12},"end":{"line":33,"column":16}},"11":{"start":{"line":36,"column":8},"end":{"line":38,"column":37}},"12":{"start":{"line":37,"column":25},"end":{"line":37,"column":58}},"13":{"start":{"line":38,"column":26},"end":{"line":38,"column":35}},"14":{"start":{"line":42,"column":26},"end":{"line":42,"column":46}},"15":{"start":{"line":43,"column":8},"end":{"line":45,"column":37}},"16":{"start":{"line":44,"column":25},"end":{"line":44,"column":58}},"17":{"start":{"line":45,"column":26},"end":{"line":45,"column":35}},"18":{"start":{"line":50,"column":4},"end":{"line":50,"column":25}},"19":{"start":{"line":51,"column":4},"end":{"line":53,"column":5}},"20":{"start":{"line":52,"column":8},"end":{"line":52,"column":85}},"21":{"start":{"line":54,"column":19},"end":{"line":58,"column":5}},"22":{"start":{"line":60,"column":4},"end":{"line":94,"column":5}},"23":{"start":{"line":61,"column":22},"end":{"line":61,"column":51}},"24":{"start":{"line":62,"column":8},"end":{"line":93,"column":9}},"25":{"start":{"line":63,"column":12},"end":{"line":92,"column":15}},"26":{"start":{"line":96,"column":4},"end":{"line":96,"column":20}},"27":{"start":{"line":100,"column":16},"end":{"line":100,"column":18}},"28":{"start":{"line":103,"column":4},"end":{"line":103,"column":26}},"29":{"start":{"line":104,"column":4},"end":{"line":104,"column":32}},"30":{"start":{"line":105,"column":18},"end":{"line":105,"column":39}},"31":{"start":{"line":107,"column":4},"end":{"line":107,"column":21}},"32":{"start":{"line":109,"column":4},"end":{"line":124,"column":5}},"33":{"start":{"line":110,"column":8},"end":{"line":110,"column":42}},"34":{"start":{"line":111,"column":8},"end":{"line":111,"column":25}},"35":{"start":{"line":112,"column":8},"end":{"line":112,"column":26}},"36":{"start":{"line":113,"column":8},"end":{"line":123,"column":9}},"37":{"start":{"line":114,"column":12},"end":{"line":114,"column":31}},"38":{"start":{"line":116,"column":12},"end":{"line":116,"column":45}},"39":{"start":{"line":117,"column":12},"end":{"line":117,"column":29}},"40":{"start":{"line":119,"column":12},"end":{"line":119,"column":45}},"41":{"start":{"line":120,"column":12},"end":{"line":120,"column":57}},"42":{"start":{"line":122,"column":12},"end":{"line":122,"column":51}},"43":{"start":{"line":126,"column":4},"end":{"line":126,"column":17}},"44":{"start":{"line":130,"column":4},"end":{"line":130,"column":52}},"45":{"start":{"line":133,"column":0},"end":{"line":133,"column":48}}},"fnMap":{"0":{"name":"(anonymous_0)","decl":{"start":{"line":7,"column":4},"end":{"line":7,"column":5}},"loc":{"start":{"line":7,"column":31},"end":{"line":39,"column":5}},"line":7},"1":{"name":"(anonymous_1)","decl":{"start":{"line":8,"column":48},"end":{"line":8,"column":49}},"loc":{"start":{"line":8,"column":64},"end":{"line":10,"column":9}},"line":8},"2":{"name":"(anonymous_2)","decl":{"start":{"line":37,"column":18},"end":{"line":37,"column":19}},"loc":{"start":{"line":37,"column":25},"end":{"line":37,"column":58}},"line":37},"3":{"name":"(anonymous_3)","decl":{"start":{"line":38,"column":19},"end":{"line":38,"column":20}},"loc":{"start":{"line":38,"column":26},"end":{"line":38,"column":35}},"line":38},"4":{"name":"(anonymous_4)","decl":{"start":{"line":41,"column":4},"end":{"line":41,"column":5}},"loc":{"start":{"line":41,"column":28},"end":{"line":46,"column":5}},"line":41},"5":{"name":"(anonymous_5)","decl":{"start":{"line":44,"column":18},"end":{"line":44,"column":19}},"loc":{"start":{"line":44,"column":25},"end":{"line":44,"column":58}},"line":44},"6":{"name":"(anonymous_6)","decl":{"start":{"line":45,"column":19},"end":{"line":45,"column":20}},"loc":{"start":{"line":45,"column":26},"end":{"line":45,"column":35}},"line":45},"7":{"name":"format","decl":{"start":{"line":49,"column":9},"end":{"line":49,"column":15}},"loc":{"start":{"line":49,"column":25},"end":{"line":97,"column":1}},"line":49},"8":{"name":"buildTimeTable","decl":{"start":{"line":99,"column":9},"end":{"line":99,"column":23}},"loc":{"start":{"line":99,"column":51},"end":{"line":127,"column":1}},"line":99},"9":{"name":"addMinutes","decl":{"start":{"line":129,"column":9},"end":{"line":129,"column":19}},"loc":{"start":{"line":129,"column":35},"end":{"line":131,"column":1}},"line":129}},"branchMap":{"0":{"loc":{"start":{"line":24,"column":12},"end":{"line":26,"column":13}},"type":"if","locations":[{"start":{"line":24,"column":12},"end":{"line":26,"column":13}},{"start":{"line":24,"column":12},"end":{"line":26,"column":13}}],"line":24},"1":{"loc":{"start":{"line":24,"column":16},"end":{"line":24,"column":70}},"type":"binary-expr","locations":[{"start":{"line":24,"column":16},"end":{"line":24,"column":39}},{"start":{"line":24,"column":43},"end":{"line":24,"column":70}}],"line":24},"2":{"loc":{"start":{"line":51,"column":4},"end":{"line":53,"column":5}},"type":"if","locations":[{"start":{"line":51,"column":4},"end":{"line":53,"column":5}},{"start":{"line":51,"column":4},"end":{"line":53,"column":5}}],"line":51},"3":{"loc":{"start":{"line":62,"column":8},"end":{"line":93,"column":9}},"type":"if","locations":[{"start":{"line":62,"column":8},"end":{"line":93,"column":9}},{"start":{"line":62,"column":8},"end":{"line":93,"column":9}}],"line":62},"4":{"loc":{"start":{"line":109,"column":11},"end":{"line":109,"column":54}},"type":"binary-expr","locations":[{"start":{"line":109,"column":11},"end":{"line":109,"column":25}},{"start":{"line":109,"column":29},"end":{"line":109,"column":54}}],"line":109},"5":{"loc":{"start":{"line":113,"column":8},"end":{"line":123,"column":9}},"type":"if","locations":[{"start":{"line":113,"column":8},"end":{"line":123,"column":9}},{"start":{"line":113,"column":8},"end":{"line":123,"column":9}}],"line":113},"6":{"loc":{"start":{"line":113,"column":12},"end":{"line":113,"column":77}},"type":"binary-expr","locations":[{"start":{"line":113,"column":12},"end":{"line":113,"column":48}},{"start":{"line":113,"column":52},"end":{"line":113,"column":77}}],"line":113}},"s":{"0":1,"1":1,"2":0,"3":0,"4":0,"5":0,"6":0,"7":0,"8":0,"9":0,"10":0,"11":0,"12":0,"13":0,"14":0,"15":0,"16":0,"17":0,"18":0,"19":0,"20":0,"21":0,"22":0,"23":0,"24":0,"25":0,"26":0,"27":0,"28":0,"29":0,"30":0,"31":0,"32":0,"33":0,"34":0,"35":0,"36":0,"37":0,"38":0,"39":0,"40":0,"41":0,"42":0,"43":0,"44":0,"45":1},"f":{"0":0,"1":0,"2":0,"3":0,"4":0,"5":0,"6":0,"7":0,"8":0,"9":0},"b":{"0":[0,0],"1":[0,0],"2":[0,0],"3":[0,0],"4":[0,0],"5":[0,0],"6":[0,0]},"_coverageSchema":"332fd63041d2c1bcb487cc26dd0d5f7d97098a6c","hash":"33fa48bbb7fe601a7ea36dd966897b5f872a354b"}
,"/Users/fredrikwallstedt/Documents/Classes/2dv611/grup02-examination-ht17/api/model/exam/facade.js": {"path":"/Users/fredrikwallstedt/Documents/Classes/2dv611/grup02-examination-ht17/api/model/exam/facade.js","statementMap":{"0":{"start":{"line":1,"column":15},"end":{"line":1,"column":42}},"1":{"start":{"line":2,"column":19},"end":{"line":2,"column":38}},"2":{"start":{"line":6,"column":0},"end":{"line":6,"column":44}}},"fnMap":{},"branchMap":{},"s":{"0":1,"1":1,"2":1},"f":{},"b":{},"_coverageSchema":"332fd63041d2c1bcb487cc26dd0d5f7d97098a6c","hash":"9d26853e7f6257f3833e26140dd1c2a58c59a43f"}
,"/Users/fredrikwallstedt/Documents/Classes/2dv611/grup02-examination-ht17/api/model/exam/router.js": {"path":"/Users/fredrikwallstedt/Documents/Classes/2dv611/grup02-examination-ht17/api/model/exam/router.js","statementMap":{"0":{"start":{"line":1,"column":19},"end":{"line":1,"column":42}},"1":{"start":{"line":2,"column":15},"end":{"line":2,"column":40}},"2":{"start":{"line":3,"column":15},"end":{"line":3,"column":27}},"3":{"start":{"line":5,"column":0},"end":{"line":7,"column":49}},"4":{"start":{"line":6,"column":20},"end":{"line":6,"column":44}},"5":{"start":{"line":7,"column":21},"end":{"line":7,"column":47}},"6":{"start":{"line":9,"column":0},"end":{"line":9,"column":74}},"7":{"start":{"line":9,"column":42},"end":{"line":9,"column":72}},"8":{"start":{"line":11,"column":0},"end":{"line":11,"column":68}},"9":{"start":{"line":11,"column":39},"end":{"line":11,"column":66}},"10":{"start":{"line":13,"column":0},"end":{"line":16,"column":51}},"11":{"start":{"line":14,"column":20},"end":{"line":14,"column":46}},"12":{"start":{"line":15,"column":20},"end":{"line":15,"column":48}},"13":{"start":{"line":16,"column":23},"end":{"line":16,"column":49}},"14":{"start":{"line":18,"column":0},"end":{"line":18,"column":24}}},"fnMap":{"0":{"name":"(anonymous_0)","decl":{"start":{"line":6,"column":7},"end":{"line":6,"column":8}},"loc":{"start":{"line":6,"column":20},"end":{"line":6,"column":44}},"line":6},"1":{"name":"(anonymous_1)","decl":{"start":{"line":7,"column":8},"end":{"line":7,"column":9}},"loc":{"start":{"line":7,"column":21},"end":{"line":7,"column":47}},"line":7},"2":{"name":"(anonymous_2)","decl":{"start":{"line":9,"column":29},"end":{"line":9,"column":30}},"loc":{"start":{"line":9,"column":42},"end":{"line":9,"column":72}},"line":9},"3":{"name":"(anonymous_3)","decl":{"start":{"line":11,"column":26},"end":{"line":11,"column":27}},"loc":{"start":{"line":11,"column":39},"end":{"line":11,"column":66}},"line":11},"4":{"name":"(anonymous_4)","decl":{"start":{"line":14,"column":7},"end":{"line":14,"column":8}},"loc":{"start":{"line":14,"column":20},"end":{"line":14,"column":46}},"line":14},"5":{"name":"(anonymous_5)","decl":{"start":{"line":15,"column":7},"end":{"line":15,"column":8}},"loc":{"start":{"line":15,"column":20},"end":{"line":15,"column":48}},"line":15},"6":{"name":"(anonymous_6)","decl":{"start":{"line":16,"column":10},"end":{"line":16,"column":11}},"loc":{"start":{"line":16,"column":23},"end":{"line":16,"column":49}},"line":16}},"branchMap":{},"s":{"0":1,"1":1,"2":1,"3":1,"4":0,"5":0,"6":1,"7":0,"8":1,"9":0,"10":1,"11":0,"12":0,"13":0,"14":1},"f":{"0":0,"1":0,"2":0,"3":0,"4":0,"5":0,"6":0},"b":{},"_coverageSchema":"332fd63041d2c1bcb487cc26dd0d5f7d97098a6c","hash":"a8e7be3dd15294597b8864a81ffab910fcff0adc"}
,"/Users/fredrikwallstedt/Documents/Classes/2dv611/grup02-examination-ht17/api/model/exam/schema.js": {"path":"/Users/fredrikwallstedt/Documents/Classes/2dv611/grup02-examination-ht17/api/model/exam/schema.js","statementMap":{"0":{"start":{"line":1,"column":17},"end":{"line":1,"column":36}},"1":{"start":{"line":2,"column":15},"end":{"line":2,"column":30}},"2":{"start":{"line":5,"column":19},"end":{"line":17,"column":2}},"3":{"start":{"line":20,"column":0},"end":{"line":20,"column":52}}},"fnMap":{},"branchMap":{},"s":{"0":1,"1":1,"2":1,"3":1},"f":{},"b":{},"_coverageSchema":"332fd63041d2c1bcb487cc26dd0d5f7d97098a6c","hash":"92db40b7313ff3a9a0271f3a95c342d85d2c5bd7"}
,"/Users/fredrikwallstedt/Documents/Classes/2dv611/grup02-examination-ht17/api/model/reportexam/controller.js": {"path":"/Users/fredrikwallstedt/Documents/Classes/2dv611/grup02-examination-ht17/api/model/reportexam/controller.js","statementMap":{"0":{"start":{"line":1,"column":19},"end":{"line":1,"column":50}},"1":{"start":{"line":2,"column":25},"end":{"line":2,"column":44}},"2":{"start":{"line":6,"column":4},"end":{"line":6,"column":26}},"3":{"start":{"line":7,"column":4},"end":{"line":7,"column":28}},"4":{"start":{"line":9,"column":4},"end":{"line":11,"column":5}},"5":{"start":{"line":10,"column":6},"end":{"line":10,"column":30}},"6":{"start":{"line":13,"column":4},"end":{"line":19,"column":31}},"7":{"start":{"line":16,"column":8},"end":{"line":16,"column":26}},"8":{"start":{"line":17,"column":8},"end":{"line":17,"column":61}},"9":{"start":{"line":19,"column":20},"end":{"line":19,"column":29}},"10":{"start":{"line":25,"column":0},"end":{"line":25,"column":60}}},"fnMap":{"0":{"name":"(anonymous_0)","decl":{"start":{"line":5,"column":2},"end":{"line":5,"column":3}},"loc":{"start":{"line":5,"column":35},"end":{"line":22,"column":3}},"line":5},"1":{"name":"(anonymous_1)","decl":{"start":{"line":15,"column":12},"end":{"line":15,"column":13}},"loc":{"start":{"line":15,"column":20},"end":{"line":18,"column":7}},"line":15},"2":{"name":"(anonymous_2)","decl":{"start":{"line":19,"column":13},"end":{"line":19,"column":14}},"loc":{"start":{"line":19,"column":20},"end":{"line":19,"column":29}},"line":19}},"branchMap":{"0":{"loc":{"start":{"line":9,"column":4},"end":{"line":11,"column":5}},"type":"if","locations":[{"start":{"line":9,"column":4},"end":{"line":11,"column":5}},{"start":{"line":9,"column":4},"end":{"line":11,"column":5}}],"line":9}},"s":{"0":1,"1":1,"2":1,"3":1,"4":1,"5":0,"6":1,"7":0,"8":0,"9":1,"10":1},"f":{"0":1,"1":0,"2":1},"b":{"0":[0,1]},"_coverageSchema":"332fd63041d2c1bcb487cc26dd0d5f7d97098a6c","hash":"515d92f739ef1b530a3baa3270d180a2d0820dc9"}
,"/Users/fredrikwallstedt/Documents/Classes/2dv611/grup02-examination-ht17/api/model/reportexam/facade.js": {"path":"/Users/fredrikwallstedt/Documents/Classes/2dv611/grup02-examination-ht17/api/model/reportexam/facade.js","statementMap":{"0":{"start":{"line":1,"column":15},"end":{"line":1,"column":42}},"1":{"start":{"line":2,"column":25},"end":{"line":2,"column":44}},"2":{"start":{"line":6,"column":19},"end":{"line":11,"column":6}},"3":{"start":{"line":13,"column":4},"end":{"line":13,"column":25}},"4":{"start":{"line":17,"column":0},"end":{"line":17,"column":56}}},"fnMap":{"0":{"name":"(anonymous_0)","decl":{"start":{"line":5,"column":2},"end":{"line":5,"column":3}},"loc":{"start":{"line":5,"column":25},"end":{"line":14,"column":3}},"line":5}},"branchMap":{},"s":{"0":1,"1":1,"2":1,"3":1,"4":1},"f":{"0":1},"b":{},"_coverageSchema":"332fd63041d2c1bcb487cc26dd0d5f7d97098a6c","hash":"c681e0472b98c261556e7d76d8dc83ff50e3997b"}
,"/Users/fredrikwallstedt/Documents/Classes/2dv611/grup02-examination-ht17/api/model/reportexam/schema.js": {"path":"/Users/fredrikwallstedt/Documents/Classes/2dv611/grup02-examination-ht17/api/model/reportexam/schema.js","statementMap":{"0":{"start":{"line":1,"column":17},"end":{"line":1,"column":36}},"1":{"start":{"line":2,"column":15},"end":{"line":2,"column":30}},"2":{"start":{"line":4,"column":25},"end":{"line":9,"column":2}},"3":{"start":{"line":11,"column":0},"end":{"line":11,"column":64}}},"fnMap":{},"branchMap":{},"s":{"0":1,"1":1,"2":1,"3":1},"f":{},"b":{},"_coverageSchema":"332fd63041d2c1bcb487cc26dd0d5f7d97098a6c","hash":"c7082c39fa8fda3a03aa7d48422c141170835bf1"}
}
