TN:
SF:/Users/fredrikwallstedt/Documents/Classes/2dv611/grup02-examination-ht17/api/lib/controller.js
FN:2,(anonymous_0)
FN:6,(anonymous_1)
FN:8,(anonymous_2)
FN:9,(anonymous_3)
FN:12,(anonymous_4)
FN:14,(anonymous_5)
FN:15,(anonymous_6)
FN:18,(anonymous_7)
FN:20,(anonymous_8)
FN:21,(anonymous_9)
FN:24,(anonymous_10)
FN:26,(anonymous_11)
FN:30,(anonymous_12)
FN:33,(anonymous_13)
FN:35,(anonymous_14)
FN:40,(anonymous_15)
FN:43,(anonymous_16)
FN:45,(anonymous_17)
FN:49,(anonymous_18)
FNF:19
FNH:1
FNDA:2,(anonymous_0)
FNDA:0,(anonymous_1)
FNDA:0,(anonymous_2)
FNDA:0,(anonymous_3)
FNDA:0,(anonymous_4)
FNDA:0,(anonymous_5)
FNDA:0,(anonymous_6)
FNDA:0,(anonymous_7)
FNDA:0,(anonymous_8)
FNDA:0,(anonymous_9)
FNDA:0,(anonymous_10)
FNDA:0,(anonymous_11)
FNDA:0,(anonymous_12)
FNDA:0,(anonymous_13)
FNDA:0,(anonymous_14)
FNDA:0,(anonymous_15)
FNDA:0,(anonymous_16)
FNDA:0,(anonymous_17)
FNDA:0,(anonymous_18)
DA:3,2
DA:7,0
DA:8,0
DA:9,0
DA:13,0
DA:14,0
DA:15,0
DA:19,0
DA:20,0
DA:21,0
DA:25,0
DA:27,0
DA:28,0
DA:30,0
DA:34,0
DA:36,0
DA:37,0
DA:38,0
DA:40,0
DA:44,0
DA:46,0
DA:47,0
DA:49,0
DA:53,2
LF:24
LH:2
BRDA:27,0,0,0
BRDA:27,0,1,0
BRDA:36,1,0,0
BRDA:36,1,1,0
BRDA:37,2,0,0
BRDA:37,2,1,0
BRDA:46,3,0,0
BRDA:46,3,1,0
BRF:8
BRH:0
end_of_record
TN:
SF:/Users/fredrikwallstedt/Documents/Classes/2dv611/grup02-examination-ht17/api/lib/facade.js
FN:2,(anonymous_0)
FN:6,(anonymous_1)
FN:11,(anonymous_2)
FN:17,(anonymous_3)
FN:23,(anonymous_4)
FN:29,(anonymous_5)
FN:35,(anonymous_6)
FNF:7
FNH:1
FNDA:2,(anonymous_0)
FNDA:0,(anonymous_1)
FNDA:0,(anonymous_2)
FNDA:0,(anonymous_3)
FNDA:0,(anonymous_4)
FNDA:0,(anonymous_5)
FNDA:0,(anonymous_6)
DA:3,2
DA:7,0
DA:8,0
DA:12,0
DA:18,0
DA:24,0
DA:30,0
DA:36,0
DA:42,2
LF:9
LH:2
BRF:0
BRH:0
end_of_record
TN:
SF:/Users/fredrikwallstedt/Documents/Classes/2dv611/grup02-examination-ht17/api/model/exam/controller.js
FN:7,(anonymous_0)
FN:8,(anonymous_1)
FN:37,(anonymous_2)
FN:38,(anonymous_3)
FN:41,(anonymous_4)
FN:44,(anonymous_5)
FN:45,(anonymous_6)
FN:49,format
FN:99,buildTimeTable
FN:129,addMinutes
FNF:10
FNH:0
FNDA:0,(anonymous_0)
FNDA:0,(anonymous_1)
FNDA:0,(anonymous_2)
FNDA:0,(anonymous_3)
FNDA:0,(anonymous_4)
FNDA:0,(anonymous_5)
FNDA:0,(anonymous_6)
FNDA:0,format
FNDA:0,buildTimeTable
FNDA:0,addMinutes
DA:1,1
DA:2,1
DA:8,0
DA:9,0
DA:12,0
DA:14,0
DA:20,0
DA:21,0
DA:24,0
DA:25,0
DA:27,0
DA:36,0
DA:37,0
DA:38,0
DA:42,0
DA:43,0
DA:44,0
DA:45,0
DA:50,0
DA:51,0
DA:52,0
DA:54,0
DA:60,0
DA:61,0
DA:62,0
DA:63,0
DA:96,0
DA:100,0
DA:103,0
DA:104,0
DA:105,0
DA:107,0
DA:109,0
DA:110,0
DA:111,0
DA:112,0
DA:113,0
DA:114,0
DA:116,0
DA:117,0
DA:119,0
DA:120,0
DA:122,0
DA:126,0
DA:130,0
DA:133,1
LF:46
LH:3
BRDA:24,0,0,0
BRDA:24,0,1,0
BRDA:24,1,0,0
BRDA:24,1,1,0
BRDA:51,2,0,0
BRDA:51,2,1,0
BRDA:62,3,0,0
BRDA:62,3,1,0
BRDA:109,4,0,0
BRDA:109,4,1,0
BRDA:113,5,0,0
BRDA:113,5,1,0
BRDA:113,6,0,0
BRDA:113,6,1,0
BRF:14
BRH:0
end_of_record
TN:
SF:/Users/fredrikwallstedt/Documents/Classes/2dv611/grup02-examination-ht17/api/model/exam/facade.js
FNF:0
FNH:0
DA:1,1
DA:2,1
DA:6,1
LF:3
LH:3
BRF:0
BRH:0
end_of_record
TN:
SF:/Users/fredrikwallstedt/Documents/Classes/2dv611/grup02-examination-ht17/api/model/exam/router.js
FN:6,(anonymous_0)
FN:7,(anonymous_1)
FN:9,(anonymous_2)
FN:11,(anonymous_3)
FN:14,(anonymous_4)
FN:15,(anonymous_5)
FN:16,(anonymous_6)
FNF:7
FNH:0
FNDA:0,(anonymous_0)
FNDA:0,(anonymous_1)
FNDA:0,(anonymous_2)
FNDA:0,(anonymous_3)
FNDA:0,(anonymous_4)
FNDA:0,(anonymous_5)
FNDA:0,(anonymous_6)
DA:1,1
DA:2,1
DA:3,1
DA:5,1
DA:6,0
DA:7,0
DA:9,1
DA:11,1
DA:13,1
DA:14,0
DA:15,0
DA:16,0
DA:18,1
LF:13
LH:8
BRF:0
BRH:0
end_of_record
TN:
SF:/Users/fredrikwallstedt/Documents/Classes/2dv611/grup02-examination-ht17/api/model/exam/schema.js
FNF:0
FNH:0
DA:1,1
DA:2,1
DA:5,1
DA:20,1
LF:4
LH:4
BRF:0
BRH:0
end_of_record
TN:
SF:/Users/fredrikwallstedt/Documents/Classes/2dv611/grup02-examination-ht17/api/model/reportexam/controller.js
FN:5,(anonymous_0)
FN:15,(anonymous_1)
FN:19,(anonymous_2)
FNF:3
FNH:2
FNDA:1,(anonymous_0)
FNDA:0,(anonymous_1)
FNDA:1,(anonymous_2)
DA:1,1
DA:2,1
DA:6,1
DA:7,1
DA:9,1
DA:10,0
DA:13,1
DA:16,0
DA:17,0
DA:19,1
DA:25,1
LF:11
LH:8
BRDA:9,0,0,0
BRDA:9,0,1,1
BRF:2
BRH:1
end_of_record
TN:
SF:/Users/fredrikwallstedt/Documents/Classes/2dv611/grup02-examination-ht17/api/model/reportexam/facade.js
FN:5,(anonymous_0)
FNF:1
FNH:1
FNDA:1,(anonymous_0)
DA:1,1
DA:2,1
DA:6,1
DA:13,1
DA:17,1
LF:5
LH:5
BRF:0
BRH:0
end_of_record
TN:
SF:/Users/fredrikwallstedt/Documents/Classes/2dv611/grup02-examination-ht17/api/model/reportexam/schema.js
FNF:0
FNH:0
DA:1,1
DA:2,1
DA:4,1
DA:11,1
LF:4
LH:4
BRF:0
BRH:0
end_of_record
